2024-10-25 18:33:12 - Error commenting on https://www.facebook.com/DFjewelryTOP1?__cft__[0]=AZU0NXaSfyia6UEycKU4wUa45C_i0Ep0EX2eienyBwhOm97wY2fZDbzbK2AFLMYR-nST2LNaieU8tKKnY-8JLFPmu37CrEMTtU68mW31R7EsK2pnojiusHHbJBI2DpBpfJS_AoCeIq0vZ6SrRkv9hftAo6RlYc_rTeIYp6YSijnSsvfMJ1L-vxFn9Vk0v3fJTDI76jh5y5uAqd8NcGN68VxZc7gTzOmf-hJkaES21fgEqGlaE3oVbT8HTkgR6aHRzbzEbaf48lfiOsZ1zo5plRCDyaacY8V0R35fm2EnycAvnZWcb4ZudejRXsAUS5687nPXM69OLV5SJoxuU44Xt6aZ2lz8kHE5j-iZwkRJEq-p-IgYqRb72IEH5FZ5twi9AfM&__tn__=%3C%2CP-R: Message: element click intercepted: Element <div aria-placeholder="Viết bình luận..." aria-label="Viết bình luận..." class="xzsf02u x1a2a7pz x1n2onr6 x14wi4xw notranslate" contenteditable="true" spellcheck="true" tabindex="0" style="user-select: text; white-space: pre-wrap; word-break: break-word;" data-lexical-editor="true" role="textbox">...</div> is not clickable at point (623, 855). Other element would receive the click: <div class="html-div xdj266r x11i5rnm xat24cr x1mh8g0r xpqajaz x9f619 x78zum5 x1iyjqo2 xs83m0k x1n2onr6 xh8yej3 xz9dl7a xsag5q8 x1e558r4 x150jy0e">...</div>
  (Session info: chrome=130.0.6723.70)
Stacktrace:
	GetHandleVerifier [0x00007FF6784B3AB5+28005]
	(No symbol) [0x00007FF6784183B0]
	(No symbol) [0x00007FF6782B580A]
	(No symbol) [0x00007FF67830D6CE]
	(No symbol) [0x00007FF67830B16C]
	(No symbol) [0x00007FF678308628]
	(No symbol) [0x00007FF67830785D]
	(No symbol) [0x00007FF6782F990E]
	(No symbol) [0x00007FF67832BA3A]
	(No symbol) [0x00007FF6782F9246]
	(No symbol) [0x00007FF67832BC50]
	(No symbol) [0x00007FF67834B8B3]
	(No symbol) [0x00007FF67832B7E3]
	(No symbol) [0x00007FF6782F75C8]
	(No symbol) [0x00007FF6782F8731]
	GetHandleVerifier [0x00007FF6787A643D+3118829]
	GetHandleVerifier [0x00007FF6787F6C90+3448640]
	GetHandleVerifier [0x00007FF6787ECF0D+3408317]
	GetHandleVerifier [0x00007FF67857A40B+841403]
	(No symbol) [0x00007FF67842340F]
	(No symbol) [0x00007FF67841F484]
	(No symbol) [0x00007FF67841F61D]
	(No symbol) [0x00007FF67840EB79]
	BaseThreadInitThunk [0x00007FFFB38D257D+29]
	RtlUserThreadStart [0x00007FFFB574AF28+40]

2024-10-25 18:33:19 - Commented on: https://www.facebook.com/profile.php?id=100006026855158&comment_id=Y29tbWVudDoxNTkyMTMwNjUxNjU1NTcxXzUxMTQ4NzQzMTc1Njk3OA%3D%3D&__cft__[0]=AZU0NXaSfyia6UEycKU4wUa45C_i0Ep0EX2eienyBwhOm97wY2fZDbzbK2AFLMYR-nST2LNaieU8tKKnY-8JLFPmu37CrEMTtU68mW31R7EsK2pnojiusHHbJBI2DpBpfJS_AoCeIq0vZ6SrRkv9hftAo6RlYc_rTeIYp6YSijnSsvfMJ1L-vxFn9Vk0v3fJTDI76jh5y5uAqd8NcGN68VxZc7gTzOmf-hJkaES21fgEqGlaE3oVbT8HTkgR6aHRzbzEbaf48lfiOsZ1zo5plRCDyaacY8V0R35fm2EnycAvnZWcb4ZudejRXsAUS5687nPXM69OLV5SJoxuU44Xt6aZ2lz8kHE5j-iZwkRJEq-p-IgYqRb72IEH5FZ5twi9AfM&__tn__=R]-R
